Determining if the pthread_create exist failed with the following output:
Change Dir: /home/camera/Desktop/Senior_Design_Project_Spring_2017/catkin_ws/build/CMakeFiles/CMakeTmp

Run Build Command:/usr/bin/make "cmTryCompileExec1555722751/fast"
/usr/bin/make -f CMakeFiles/cmTryCompileExec1555722751.dir/build.make CMakeFiles/cmTryCompileExec1555722751.dir/build
make[1]: Entering directory `/home/camera/Desktop/Senior_Design_Project_Spring_2017/catkin_ws/build/CMakeFiles/CMakeTmp'
/usr/bin/cmake -E cmake_progress_report /home/camera/Desktop/Senior_Design_Project_Spring_2017/catkin_ws/build/CMakeFiles/CMakeTmp/CMakeFiles 1
Building C object CMakeFiles/cmTryCompileExec1555722751.dir/CheckSymbolExists.c.o
/usr/bin/cc    -o CMakeFiles/cmTryCompileExec1555722751.dir/CheckSymbolExists.c.o   -c /home/camera/Desktop/Senior_Design_Project_Spring_2017/catkin_ws/build/CMakeFiles/CMakeTmp/CheckSymbolExists.c
Linking C executable cmTryCompileExec1555722751
/usr/bin/cmake -E cmake_link_script CMakeFiles/cmTryCompileExec1555722751.dir/link.txt --verbose=1
/usr/bin/cc       CMakeFiles/cmTryCompileExec1555722751.dir/CheckSymbolExists.c.o  -o cmTryCompileExec1555722751 -rdynamic 
CMakeFiles/cmTryCompileExec1555722751.dir/CheckSymbolExists.c.o: In function `main':
CheckSymbolExists.c:(.text+0x16): undefined reference to `pthread_create'
collect2: error: ld returned 1 exit status
make[1]: *** [cmTryCompileExec1555722751] Error 1
make[1]: Leaving directory `/home/camera/Desktop/Senior_Design_Project_Spring_2017/catkin_ws/build/CMakeFiles/CMakeTmp'
make: *** [cmTryCompileExec1555722751/fast] Error 2

File /home/camera/Desktop/Senior_Design_Project_Spring_2017/catkin_ws/build/CMakeFiles/CMakeTmp/CheckSymbolExists.c:
/* */
#include <pthread.h>

int main(int argc, char** argv)
{
  (void)argv;
#ifndef pthread_create
  return ((int*)(&pthread_create))[argc];
#else
  (void)argc;
  return 0;
#endif
}

Determining if the function pthread_create exists in the pthreads failed with the following output:
Change Dir: /home/camera/Desktop/Senior_Design_Project_Spring_2017/catkin_ws/build/CMakeFiles/CMakeTmp

Run Build Command:/usr/bin/make "cmTryCompileExec1163978767/fast"
/usr/bin/make -f CMakeFiles/cmTryCompileExec1163978767.dir/build.make CMakeFiles/cmTryCompileExec1163978767.dir/build
make[1]: Entering directory `/home/camera/Desktop/Senior_Design_Project_Spring_2017/catkin_ws/build/CMakeFiles/CMakeTmp'
/usr/bin/cmake -E cmake_progress_report /home/camera/Desktop/Senior_Design_Project_Spring_2017/catkin_ws/build/CMakeFiles/CMakeTmp/CMakeFiles 1
Building C object CMakeFiles/cmTryCompileExec1163978767.dir/CheckFunctionExists.c.o
/usr/bin/cc   -DCHECK_FUNCTION_EXISTS=pthread_create   -o CMakeFiles/cmTryCompileExec1163978767.dir/CheckFunctionExists.c.o   -c /usr/share/cmake-2.8/Modules/CheckFunctionExists.c
Linking C executable cmTryCompileExec1163978767
/usr/bin/cmake -E cmake_link_script CMakeFiles/cmTryCompileExec1163978767.dir/link.txt --verbose=1
/usr/bin/cc   -DCHECK_FUNCTION_EXISTS=pthread_create    CMakeFiles/cmTryCompileExec1163978767.dir/CheckFunctionExists.c.o  -o cmTryCompileExec1163978767 -rdynamic -lpthreads 
/usr/bin/ld: cannot find -lpthreads
collect2: error: ld returned 1 exit status
make[1]: *** [cmTryCompileExec1163978767] Error 1
make[1]: Leaving directory `/home/camera/Desktop/Senior_Design_Project_Spring_2017/catkin_ws/build/CMakeFiles/CMakeTmp'
make: *** [cmTryCompileExec1163978767/fast] Error 2


